[debug] [2025-10-26T16:50:23.391Z] ----------------------------------------------------------------------
[debug] [2025-10-26T16:50:23.395Z] Command:       C:\Program Files\nodejs\node.exe C:\Users\harsh\AppData\Roaming\npm\node_modules\firebase-tools\lib\bin\firebase.js init
[debug] [2025-10-26T16:50:23.395Z] CLI Version:   14.22.0
[debug] [2025-10-26T16:50:23.395Z] Platform:      win32
[debug] [2025-10-26T16:50:23.396Z] Node Version:  v22.21.0
[debug] [2025-10-26T16:50:23.396Z] Time:          Sun Oct 26 2025 22:20:23 GMT+0530 (India Standard Time)
[debug] [2025-10-26T16:50:23.396Z] ----------------------------------------------------------------------
[debug] 
[info] 
     ######## #### ########  ######## ########     ###     ######  ########
     ##        ##  ##     ## ##       ##     ##  ##   ##  ##       ##
     ######    ##  ########  ######   ########  #########  ######  ######
     ##        ##  ##    ##  ##       ##     ## ##     ##       ## ##
     ##       #### ##     ## ######## ########  ##     ##  ######  ########

You're about to initialize a Firebase project in this directory:

  C:\Users\harsh\Downloads\myweb

[info] 
=== Project Setup
[info] 
[info] First, let's associate this project directory with a Firebase project.
[info] You can create multiple project aliases by running firebase use --add, 
[info] 
[debug] [2025-10-26T16:51:06.874Z] > command requires scopes: ["email","openid","https://www.googleapis.com/auth/cloudplatformprojects.readonly","https://www.googleapis.com/auth/firebase","https://www.googleapis.com/auth/cloud-platform"]
[debug] [2025-10-26T16:51:06.875Z] > authorizing via signed-in user (harshavardhankatta5@gmail.com)
[debug] [2025-10-26T16:51:06.880Z] Checked if tokens are valid: true, expires at: 1761498489236
[debug] [2025-10-26T16:51:06.880Z] Checked if tokens are valid: true, expires at: 1761498489236
[debug] [2025-10-26T16:51:06.884Z] >>> [apiv2][query] GET https://firebase.googleapis.com/v1beta1/projects/harshavardhan-4d3fd [none]
[debug] [2025-10-26T16:51:07.698Z] <<< [apiv2][status] GET https://firebase.googleapis.com/v1beta1/projects/harshavardhan-4d3fd 200
[debug] [2025-10-26T16:51:07.699Z] <<< [apiv2][body] GET https://firebase.googleapis.com/v1beta1/projects/harshavardhan-4d3fd {"projectId":"harshavardhan-4d3fd","projectNumber":"695874804149","displayName":"HARSHAVARDHAN","name":"projects/harshavardhan-4d3fd","resources":{"hostingSite":"harshavardhan-4d3fd"},"state":"ACTIVE","etag":"1_cf0dfc8d-9225-46d7-ada0-ceed8a9186cb"}
[info] i  Using project harshavardhan-4d3fd (HARSHAVARDHAN) . 
[info] 
=== Storage Setup
[info] 
[info] Firebase Storage Security Rules allow you to define how and when to allow
[info] uploads and downloads. You can keep these rules in your project directory
[info] and publish them with firebase deploy.
[info] 
[info] +  Wrote storage.rules 
[info] 
[info] +  Wrote configuration info to firebase.json 
[info] +  Wrote project information to .firebaserc 
[info] +  Wrote .gitignore 
[info] 
[info] +  Firebase initialization complete! 
[debug] [2025-10-26T17:00:24.362Z] Error: Timed out.
    at Timeout._onTimeout (C:\Users\harsh\AppData\Roaming\npm\node_modules\firebase-tools\lib\utils.js:275:49)
    at listOnTimeout (node:internal/timers:588:17)
    at process.processTimers (node:internal/timers:523:7)
[error] 
[error] Error: An unexpected error has occurred.
